# JRE version: Java(TM) SE Runtime Environment (9.0+11) (build 9.0.1+11)
# Java VM: Java HotSpot(TM) 64-Bit Server VM (9.0.1+11, mixed mode, tiered, compressed oops, g1 gc, windows-amd64)
Heap:
 garbage-first heap   total 262144K, used 151370K [0x00000006c0e00000, 0x00000006c0f00800, 0x00000007c0000000)
  region size 1024K, 145 young (148480K), 2 survivors (2048K)
 Metaspace       used 19120K, capacity 20003K, committed 20224K, reserved 1067008K
  class space    used 1534K, capacity 1704K, committed 1792K, reserved 1048576K
GC Heap History (10 events):
Event: 17.325 GC heap before
{Heap before GC invocations=11 (full 0):
 garbage-first heap   total 262144K, used 160619K [0x00000006c0e00000, 0x00000006c0f00800, 0x00000007c0000000)
  region size 1024K, 153 young (156672K), 2 survivors (2048K)
 Metaspace       used 19115K, capacity 19939K, committed 20224K, reserved 1067008K
  class space    used 1533K, capacity 1704K, committed 1792K, reserved 1048576K
}
Event: 17.326 GC heap after
{Heap after GC invocations=12 (full 0):
 garbage-first heap   total 262144K, used 5981K [0x00000006c0e00000, 0x00000006c0f00800, 0x00000007c0000000)
  region size 1024K, 2 young (2048K), 2 survivors (2048K)
 Metaspace       used 19115K, capacity 19939K, committed 20224K, reserved 1067008K
  class space    used 1533K, capacity 1704K, committed 1792K, reserved 1048576K
}
Event: 19.096 GC heap before
{Heap before GC invocations=12 (full 0):
 garbage-first heap   total 262144K, used 160605K [0x00000006c0e00000, 0x00000006c0f00800, 0x00000007c0000000)
  region size 1024K, 153 young (156672K), 2 survivors (2048K)
 Metaspace       used 19115K, capacity 19939K, committed 20224K, reserved 1067008K
  class space    used 1533K, capacity 1704K, committed 1792K, reserved 1048576K
}
Event: 19.097 GC heap after
{Heap after GC invocations=13 (full 0):
 garbage-first heap   total 262144K, used 6046K [0x00000006c0e00000, 0x00000006c0f00800, 0x00000007c0000000)
  region size 1024K, 2 young (2048K), 2 survivors (2048K)
 Metaspace       used 19115K, capacity 19939K, committed 20224K, reserved 1067008K
  class space    used 1533K, capacity 1704K, committed 1792K, reserved 1048576K
}
Event: 20.866 GC heap before
{Heap before GC invocations=13 (full 0):
 garbage-first heap   total 262144K, used 160670K [0x00000006c0e00000, 0x00000006c0f00800, 0x00000007c0000000)
  region size 1024K, 153 young (156672K), 2 survivors (2048K)
 Metaspace       used 19115K, capacity 19939K, committed 20224K, reserved 1067008K
  class space    used 1533K, capacity 1704K, committed 1792K, reserved 1048576K
}
Event: 20.868 GC heap after
{Heap after GC invocations=14 (full 0):
 garbage-first heap   total 262144K, used 6031K [0x00000006c0e00000, 0x00000006c0f00800, 0x00000007c0000000)
  region size 1024K, 2 young (2048K), 2 survivors (2048K)
 Metaspace       used 19115K, capacity 19939K, committed 20224K, reserved 1067008K
  class space    used 1533K, capacity 1704K, committed 1792K, reserved 1048576K
}
Event: 22.637 GC heap before
{Heap before GC invocations=14 (full 0):
 garbage-first heap   total 262144K, used 160655K [0x00000006c0e00000, 0x00000006c0f00800, 0x00000007c0000000)
  region size 1024K, 153 young (156672K), 2 survivors (2048K)
 Metaspace       used 19115K, capacity 19939K, committed 20224K, reserved 1067008K
  class space    used 1533K, capacity 1704K, committed 1792K, reserved 1048576K
}
Event: 22.639 GC heap after
{Heap after GC invocations=15 (full 0):
 garbage-first heap   total 262144K, used 6034K [0x00000006c0e00000, 0x00000006c0f00800, 0x00000007c0000000)
  region size 1024K, 2 young (2048K), 2 survivors (2048K)
 Metaspace       used 19115K, capacity 19939K, committed 20224K, reserved 1067008K
  class space    used 1533K, capacity 1704K, committed 1792K, reserved 1048576K
}
Event: 24.408 GC heap before
{Heap before GC invocations=15 (full 0):
 garbage-first heap   total 262144K, used 160658K [0x00000006c0e00000, 0x00000006c0f00800, 0x00000007c0000000)
  region size 1024K, 153 young (156672K), 2 survivors (2048K)
 Metaspace       used 19115K, capacity 19939K, committed 20224K, reserved 1067008K
  class space    used 1533K, capacity 1704K, committed 1792K, reserved 1048576K
}
Event: 24.409 GC heap after
{Heap after GC invocations=16 (full 0):
 garbage-first heap   total 262144K, used 5962K [0x00000006c0e00000, 0x00000006c0f00800, 0x00000007c0000000)
  region size 1024K, 2 young (2048K), 2 survivors (2048K)
 Metaspace       used 19115K, capacity 19939K, committed 20224K, reserved 1067008K
  class space    used 1533K, capacity 1704K, committed 1792K, reserved 1048576K
}

